<?xml version="1.0" encoding="utf-8"?><testsuites name="pytest tests"><testsuite name="pytest" errors="0" failures="0" skipped="0" tests="19" time="35.342" timestamp="2026-05-17T11:17:01.287089+00:00" hostname="agent-env-46111bdf-7d9a-469c-b933-807fc5e3570e"><testcase classname="backend.tests.test_predict_v2.TestBranchesEndpoint" name="test_branches_returns_canonical_list" time="0.307" /><testcase classname="backend.tests.test_predict_v2.TestPredictionShape" name="test_top_level_keys" time="3.511" /><testcase classname="backend.tests.test_predict_v2.TestPredictionShape" name="test_groups_has_all_tiers" time="0.000" /><testcase classname="backend.tests.test_predict_v2.TestPredictionShape" name="test_total_matches_colleges_len" time="0.000" /><testcase classname="backend.tests.test_predict_v2.TestPredictionShape" name="test_filters_echo" time="0.000" /><testcase classname="backend.tests.test_predict_v2.TestPredictionShape" name="test_college_row_fields" time="0.000" /><testcase classname="backend.tests.test_predict_v2.TestPredictionShape" name="test_jee_main_no_iits" time="0.000" /><testcase classname="backend.tests.test_predict_v2.TestBranchAndTypeFilter" name="test_cse_aiml_nit_filter" time="2.491" /><testcase classname="backend.tests.test_predict_v2.TestBranchAndTypeFilter" name="test_iiit_filter" time="3.252" /><testcase classname="backend.tests.test_predict_v2.TestJeeAdvancedForcesIIT" name="test_only_iits_returned" time="2.066" /><testcase classname="backend.tests.test_predict_v2.TestJeeAdvancedForcesIIT" name="test_jee_adv_empty_safe" time="2.225" /><testcase classname="backend.tests.test_predict_v2.TestTSEamcet" name="test_ts_eamcet_basic" time="3.312" /><testcase classname="backend.tests.test_predict_v2.TestTSEamcet" name="test_ts_eamcet_ignores_ctype_filter" time="2.551" /><testcase classname="backend.tests.test_predict_v2.TestPrioritySort" name="test_very_safe_sorted_by_type_then_nirf" time="2.859" /><testcase classname="backend.tests.test_predict_v2.TestClassificationThresholds" name="test_thresholds_logic" time="3.081" /><testcase classname="backend.tests.test_predict_v2.TestExplanationContent" name="test_explanation_mentions_year_and_rank" time="3.035" /><testcase classname="backend.tests.test_predict_v2.TestRegression" name="test_trend_still_works" time="3.088" /><testcase classname="backend.tests.test_predict_v2.TestRegression" name="test_admin_login" time="0.327" /><testcase classname="backend.tests.test_predict_v2.TestPerformance" name="test_large_result_no_crash" time="3.143" /></testsuite></testsuites>