<?xml version="1.0" encoding="utf-8"?><testsuites name="pytest tests"><testsuite name="pytest" errors="0" failures="2" skipped="0" tests="13" time="15.185" timestamp="2026-05-17T08:04:30.854589+00:00" hostname="agent-env-46111bdf-7d9a-469c-b933-807fc5e3570e"><testcase classname="backend.tests.test_hynexs.TestHealth" name="test_health_check" time="0.385" /><testcase classname="backend.tests.test_hynexs.TestHealth" name="test_college_stats" time="0.149" /><testcase classname="backend.tests.test_hynexs.TestAuth" name="test_register_new_user" time="0.324"><failure message="AssertionError: assert 'test_057d39cc@test.com' == 'TEST_057d39cc@test.com'&#10;  &#10;  - TEST_057d39cc@test.com&#10;  ? ^^^^&#10;  + test_057d39cc@test.com&#10;  ? ^^^^">backend/tests/test_hynexs.py:37: in test_register_new_user
    assert data["user"]["email"] == email
E   AssertionError: assert 'test_057d39cc@test.com' == 'TEST_057d39cc@test.com'
E     
E     - TEST_057d39cc@test.com
E     ? ^^^^
E     + test_057d39cc@test.com
E     ? ^^^^</failure></testcase><testcase classname="backend.tests.test_hynexs.TestAuth" name="test_register_duplicate_email" time="0.420" /><testcase classname="backend.tests.test_hynexs.TestAuth" name="test_login_admin" time="0.326" /><testcase classname="backend.tests.test_hynexs.TestAuth" name="test_login_invalid" time="0.100" /><testcase classname="backend.tests.test_hynexs.TestAuth" name="test_me_with_token" time="0.476" /><testcase classname="backend.tests.test_hynexs.TestPredictions" name="test_ts_eamcet_prediction" time="2.571" /><testcase classname="backend.tests.test_hynexs.TestPredictions" name="test_josaa_prediction_open" time="2.482" /><testcase classname="backend.tests.test_hynexs.TestPredictions" name="test_josaa_prediction_obc" time="0.352" /><testcase classname="backend.tests.test_hynexs.TestPredictions" name="test_prediction_result_structure" time="1.966" /><testcase classname="backend.tests.test_hynexs.TestCounselor" name="test_chat_basic" time="5.410" /><testcase classname="backend.tests.test_hynexs.TestPayments" name="test_create_order" time="0.126"><failure message="assert 400 == 200&#10; +  where 400 = &lt;Response [400]&gt;.status_code">backend/tests/test_hynexs.py:152: in test_create_order
    assert r.status_code == 200
E   assert 400 == 200
E    +  where 400 = &lt;Response [400]&gt;.status_code</failure></testcase></testsuite></testsuites>