<?xml version="1.0" encoding="utf-8"?><testsuites name="pytest tests"><testsuite name="pytest" errors="0" failures="0" skipped="0" tests="18" time="26.558" timestamp="2026-05-17T08:55:14.505987+00:00" hostname="agent-env-46111bdf-7d9a-469c-b933-807fc5e3570e"><testcase classname="backend.tests.test_hynexs.TestHealth" name="test_health_check" time="0.209" /><testcase classname="backend.tests.test_hynexs.TestHealth" name="test_college_stats" time="0.102" /><testcase classname="backend.tests.test_hynexs.TestAuth" name="test_register_new_user" time="0.331" /><testcase classname="backend.tests.test_hynexs.TestAuth" name="test_register_duplicate_email" time="0.214" /><testcase classname="backend.tests.test_hynexs.TestAuth" name="test_login_admin" time="0.352" /><testcase classname="backend.tests.test_hynexs.TestAuth" name="test_login_invalid" time="0.102" /><testcase classname="backend.tests.test_hynexs.TestAuth" name="test_me_with_token" time="0.443" /><testcase classname="backend.tests.test_hynexs.TestPredictions" name="test_ts_eamcet_prediction" time="3.237" /><testcase classname="backend.tests.test_hynexs.TestPredictions" name="test_josaa_prediction_open" time="2.305" /><testcase classname="backend.tests.test_hynexs.TestPredictions" name="test_josaa_prediction_obc" time="2.039" /><testcase classname="backend.tests.test_hynexs.TestPredictions" name="test_prediction_result_structure" time="1.889" /><testcase classname="backend.tests.test_hynexs.TestCounselor" name="test_chat_basic" time="5.191" /><testcase classname="backend.tests.test_hynexs.TestPayments" name="test_create_order_for_new_user" time="1.425" /><testcase classname="backend.tests.test_hynexs.TestNamedTestUser" name="test_login_testuser" time="0.419" /><testcase classname="backend.tests.test_hynexs.TestJeeMainPrediction" name="test_jee_main_rank_10000_open" time="3.831" /><testcase classname="backend.tests.test_hynexs.TestTrend" name="test_trend_with_jee_main_sample" time="2.935" /><testcase classname="backend.tests.test_hynexs.TestPaymentCreateOrder" name="test_create_order_returns_key_id" time="1.230" /><testcase classname="backend.tests.test_hynexs.TestGoogleSession" name="test_invalid_session_returns_401" time="0.214" /></testsuite></testsuites>